12:32:37.059 [main] INFO  apiTest.DDTest - Response: {"code":1,"type":"error","message":"User not found"}
12:32:37.133 [main] ERROR apiTest.DDTest - User read failed. Username: charlie.brown. Status code: 404
12:32:37.138 [main] INFO  apiTest.DDTest - *********************************************************************************************************************************************************
12:32:37.138 [main] INFO  apiTest.DDTest - Starting testReadUser with username: bob.anderson
12:32:38.468 [main] INFO  apiTest.DDTest - Response: {"code":1,"type":"error","message":"User not found"}
12:32:38.508 [main] ERROR apiTest.DDTest - User read failed. Username: bob.anderson. Status code: 404
12:32:38.518 [main] INFO  apiTest.DDTest - *********************************************************************************************************************************************************
12:32:38.518 [main] INFO  apiTest.DDTest - Starting testReadUser with username: jane.brown
12:32:39.778 [main] INFO  apiTest.DDTest - Response: {"code":1,"type":"error","message":"User not found"}
12:32:39.833 [main] ERROR apiTest.DDTest - User read failed. Username: jane.brown. Status code: 404
12:32:39.839 [main] INFO  apiTest.DDTest - *********************************************************************************************************************************************************
12:32:39.839 [main] INFO  apiTest.DDTest - Starting testReadUser with username: mia.moore
12:32:41.118 [main] INFO  apiTest.DDTest - Response: {"id":16,"username":"mia.moore","firstName":"Mia","lastName":"Moore","email":"mia.moore@example.com","password":"Moore5037278668","phone":"5037278668","userStatus":0}
12:32:41.178 [main] INFO  apiTest.DDTest - *********************************************************************************************************************************************************
12:32:41.178 [main] INFO  apiTest.DDTest - Starting testReadUser with username: nina.brown
12:32:42.519 [main] INFO  apiTest.DDTest - Response: {"code":1,"type":"error","message":"User not found"}
12:32:42.558 [main] ERROR apiTest.DDTest - User read failed. Username: nina.brown. Status code: 404
12:32:42.569 [main] INFO  apiTest.DDTest - *********************************************************************************************************************************************************
12:32:42.570 [main] INFO  apiTest.DDTest - Starting testReadUser with username: jack.anderson
12:32:43.918 [main] INFO  apiTest.DDTest - Response: {"id":18,"username":"jack.anderson","firstName":"Jack","lastName":"Anderson","email":"jack.anderson@example.com","password":"Anderson7249669002","phone":"7249669002","userStatus":0}
12:32:43.977 [main] INFO  apiTest.DDTest - *********************************************************************************************************************************************************
12:32:43.977 [main] INFO  apiTest.DDTest - Starting testReadUser with username: kate.taylor
12:32:45.288 [main] INFO  apiTest.DDTest - Response: {"code":1,"type":"error","message":"User not found"}
12:32:45.328 [main] ERROR apiTest.DDTest - User read failed. Username: kate.taylor. Status code: 404
12:32:45.338 [main] INFO  apiTest.DDTest - *********************************************************************************************************************************************************
12:32:45.338 [main] INFO  apiTest.DDTest - Starting testReadUser with username: hank.davis
12:32:46.606 [main] INFO  apiTest.DDTest - Response: {"code":1,"type":"error","message":"User not found"}
12:32:46.643 [main] ERROR apiTest.DDTest - User read failed. Username: hank.davis. Status code: 404
12:32:46.648 [main] INFO  apiTest.DDTest - *********************************************************************************************************************************************************
12:32:46.648 [main] INFO  apiTest.DDTest - Starting testReadUser with username: charlie.wilson
12:32:47.960 [main] INFO  apiTest.DDTest - Response: {"code":1,"type":"error","message":"User not found"}
12:32:48.008 [main] ERROR apiTest.DDTest - User read failed. Username: charlie.wilson. Status code: 404
12:32:48.008 [main] INFO  apiTest.DDTest - *********************************************************************************************************************************************************
12:32:48.008 [main] INFO  apiTest.DDTest - Starting testReadUser with username: charlie.doe
12:32:49.332 [main] INFO  apiTest.DDTest - Response: {"id":22,"username":"charlie.doe","firstName":"Charlie","lastName":"Doe","email":"charlie.doe@example.com","password":"Doe7935167948","phone":"7935167948","userStatus":0}
12:32:49.381 [main] INFO  apiTest.DDTest - *********************************************************************************************************************************************************
12:32:49.381 [main] INFO  apiTest.DDTest - Starting testReadUser with username: mia.wilson
12:32:50.670 [main] INFO  apiTest.DDTest - Response: {"id":23,"username":"mia.wilson","firstName":"Mia","lastName":"Wilson","email":"mia.wilson@example.com","password":"Wilson2354947364","phone":"2354947364","userStatus":0}
12:32:50.742 [main] INFO  apiTest.DDTest - *********************************************************************************************************************************************************
12:32:50.742 [main] INFO  apiTest.DDTest - Starting testReadUser with username: kate.johnson
12:32:52.067 [main] INFO  apiTest.DDTest - Response: {"code":1,"type":"error","message":"User not found"}
12:32:52.118 [main] ERROR apiTest.DDTest - User read failed. Username: kate.johnson. Status code: 404
12:32:52.119 [main] INFO  apiTest.DDTest - *********************************************************************************************************************************************************
12:32:52.119 [main] INFO  apiTest.DDTest - Starting testReadUser with username: grace.doe
12:32:53.463 [main] INFO  apiTest.DDTest - Response: {"code":1,"type":"error","message":"User not found"}
12:32:53.508 [main] ERROR apiTest.DDTest - User read failed. Username: grace.doe. Status code: 404
12:32:53.508 [main] INFO  apiTest.DDTest - *********************************************************************************************************************************************************
12:32:53.508 [main] INFO  apiTest.DDTest - Starting testReadUser with username: jane.miller
12:32:54.792 [main] INFO  apiTest.DDTest - Response: {"code":1,"type":"error","message":"User not found"}
12:32:54.833 [main] ERROR apiTest.DDTest - User read failed. Username: jane.miller. Status code: 404
12:32:54.843 [main] INFO  apiTest.DDTest - *********************************************************************************************************************************************************
12:32:54.843 [main] INFO  apiTest.DDTest - Starting testReadUser with username: grace.brown
12:32:56.168 [main] INFO  apiTest.DDTest - Response: {"id":27,"username":"grace.brown","firstName":"Grace","lastName":"Brown","email":"grace.brown@example.com","password":"Brown6061752178","phone":"6061752178","userStatus":0}
12:32:56.222 [main] INFO  apiTest.DDTest - *********************************************************************************************************************************************************
12:32:56.222 [main] INFO  apiTest.DDTest - Starting testReadUser with username: frank.johnson
12:32:57.528 [main] INFO  apiTest.DDTest - Response: {"id":28,"username":"frank.johnson","firstName":"Frank","lastName":"Johnson","email":"frank.johnson@example.com","password":"Johnson9309561735","phone":"9309561735","userStatus":0}
12:32:57.592 [main] INFO  apiTest.DDTest - *********************************************************************************************************************************************************
12:32:57.592 [main] INFO  apiTest.DDTest - Starting testReadUser with username: bob.taylor
12:32:58.879 [main] INFO  apiTest.DDTest - Response: {"id":29,"username":"bob.taylor","firstName":"Bob","lastName":"Taylor","email":"bob.taylor@example.com","password":"Taylor7237237955","phone":"7237237955","userStatus":0}
12:32:58.932 [main] INFO  apiTest.DDTest - *********************************************************************************************************************************************************
12:32:58.932 [main] INFO  apiTest.DDTest - Starting testReadUser with username: jack.johnson
12:33:00.228 [main] INFO  apiTest.DDTest - Response: {"code":1,"type":"error","message":"User not found"}
12:33:00.278 [main] ERROR apiTest.DDTest - User read failed. Username: jack.johnson. Status code: 404
12:33:00.279 [main] INFO  apiTest.DDTest - *********************************************************************************************************************************************************
12:33:00.279 [main] INFO  apiTest.DDTest - Starting testReadUser with username: alice.taylor
12:33:01.588 [main] INFO  apiTest.DDTest - Response: {"id":31,"username":"alice.taylor","firstName":"Alice","lastName":"Taylor","email":"alice.taylor@example.com","password":"Taylor8345334873","phone":"8345334873","userStatus":0}
12:33:01.648 [main] INFO  apiTest.DDTest - *********************************************************************************************************************************************************
12:33:01.648 [main] INFO  apiTest.DDTest - Starting testReadUser with username: ivy.miller
12:33:02.908 [main] INFO  apiTest.DDTest - Response: {"id":32,"username":"ivy.miller","firstName":"Ivy","lastName":"Miller","email":"ivy.miller@example.com","password":"Miller7238264707","phone":"7238264707","userStatus":0}
12:33:02.979 [main] INFO  apiTest.DDTest - *********************************************************************************************************************************************************
12:33:02.979 [main] INFO  apiTest.DDTest - Starting testReadUser with username: leo.anderson
12:33:04.318 [main] INFO  apiTest.DDTest - Response: {"code":1,"type":"error","message":"User not found"}
12:33:04.400 [main] ERROR apiTest.DDTest - User read failed. Username: leo.anderson. Status code: 404
12:33:04.412 [main] INFO  apiTest.DDTest - *********************************************************************************************************************************************************
12:33:04.412 [main] INFO  apiTest.DDTest - Starting testReadUser with username: jane.davis
12:33:05.750 [main] INFO  apiTest.DDTest - Response: {"id":34,"username":"jane.davis","firstName":"Jane","lastName":"Davis","email":"jane.davis@example.com","password":"Davis2854311888","phone":"2854311888","userStatus":0}
12:33:05.832 [main] INFO  apiTest.DDTest - *********************************************************************************************************************************************************
12:33:05.832 [main] INFO  apiTest.DDTest - Starting testReadUser with username: leo.moore
12:33:07.162 [main] INFO  apiTest.DDTest - Response: {"id":35,"username":"leo.moore","firstName":"Leo","lastName":"Moore","email":"leo.moore@example.com","password":"Moore4665172750","phone":"4665172750","userStatus":0}
12:33:07.246 [main] INFO  apiTest.DDTest - *********************************************************************************************************************************************************
12:33:07.246 [main] INFO  apiTest.DDTest - Starting testReadUser with username: grace.johnson
12:33:08.605 [main] INFO  apiTest.DDTest - Response: {"id":36,"username":"grace.johnson","firstName":"Grace","lastName":"Johnson","email":"grace.johnson@example.com","password":"Johnson6311367111","phone":"6311367111","userStatus":0}
12:33:08.688 [main] INFO  apiTest.DDTest - *********************************************************************************************************************************************************
12:33:08.688 [main] INFO  apiTest.DDTest - Starting testReadUser with username: frank.taylor
12:33:09.969 [main] INFO  apiTest.DDTest - Response: {"code":1,"type":"error","message":"User not found"}
12:33:10.036 [main] ERROR apiTest.DDTest - User read failed. Username: frank.taylor. Status code: 404
12:33:10.044 [main] INFO  apiTest.DDTest - *********************************************************************************************************************************************************
12:33:10.045 [main] INFO  apiTest.DDTest - Starting testReadUser with username: ivy.smith
12:33:11.370 [main] INFO  apiTest.DDTest - Response: {"id":38,"username":"ivy.smith","firstName":"Ivy","lastName":"Smith","email":"ivy.smith@example.com","password":"Smith3759188003","phone":"3759188003","userStatus":0}
12:33:11.471 [main] INFO  apiTest.DDTest - *********************************************************************************************************************************************************
12:33:11.472 [main] INFO  apiTest.DDTest - Starting testReadUser with username: jane.davis
12:33:12.789 [main] INFO  apiTest.DDTest - Response: {"code":1,"type":"error","message":"User not found"}
12:33:12.870 [main] ERROR apiTest.DDTest - User read failed. Username: jane.davis. Status code: 404
12:33:12.876 [main] INFO  apiTest.DDTest - *********************************************************************************************************************************************************
12:33:12.878 [main] INFO  apiTest.DDTest - Starting testReadUser with username: nina.taylor
12:33:14.226 [main] INFO  apiTest.DDTest - Response: {"code":1,"type":"error","message":"User not found"}
12:33:14.305 [main] ERROR apiTest.DDTest - User read failed. Username: nina.taylor. Status code: 404
12:33:15.035 [main] INFO  apiTest.DDTest - *********************************************************************************************************************************************************
12:33:15.035 [main] INFO  apiTest.DDTest - Starting testDeleteUser with username: alice.davis
12:33:16.313 [main] INFO  apiTest.DDTest - Response: 
12:33:16.394 [main] ERROR apiTest.DDTest - User deletion failed. Username: alice.davis. Status code: 404
12:33:16.395 [main] INFO  apiTest.DDTest - *********************************************************************************************************************************************************
12:33:16.395 [main] INFO  apiTest.DDTest - Starting testDeleteUser with username: alice.brown
12:33:17.700 [main] INFO  apiTest.DDTest - Response: 
12:33:17.771 [main] ERROR apiTest.DDTest - User deletion failed. Username: alice.brown. Status code: 404
12:33:17.772 [main] INFO  apiTest.DDTest - *********************************************************************************************************************************************************
12:33:17.773 [main] INFO  apiTest.DDTest - Starting testDeleteUser with username: bob.smith
12:33:19.114 [main] INFO  apiTest.DDTest - Response: 
12:33:19.182 [main] ERROR apiTest.DDTest - User deletion failed. Username: bob.smith. Status code: 404
12:33:19.184 [main] INFO  apiTest.DDTest - *********************************************************************************************************************************************************
12:33:19.184 [main] INFO  apiTest.DDTest - Starting testDeleteUser with username: ivy.wilson
12:33:20.468 [main] INFO  apiTest.DDTest - Response: 
12:33:20.539 [main] ERROR apiTest.DDTest - User deletion failed. Username: ivy.wilson. Status code: 404
12:33:20.540 [main] INFO  apiTest.DDTest - *********************************************************************************************************************************************************
12:33:20.540 [main] INFO  apiTest.DDTest - Starting testDeleteUser with username: bob.wilson
12:33:21.831 [main] INFO  apiTest.DDTest - Response: 
12:33:21.896 [main] ERROR apiTest.DDTest - User deletion failed. Username: bob.wilson. Status code: 404
12:33:21.897 [main] INFO  apiTest.DDTest - *********************************************************************************************************************************************************
12:33:21.897 [main] INFO  apiTest.DDTest - Starting testDeleteUser with username: nina.miller
12:33:23.195 [main] INFO  apiTest.DDTest - Response: {"code":200,"type":"unknown","message":"nina.miller"}
12:33:23.292 [main] INFO  apiTest.DDTest - *********************************************************************************************************************************************************
12:33:23.293 [main] INFO  apiTest.DDTest - Starting testDeleteUser with username: nina.wilson
12:33:24.588 [main] INFO  apiTest.DDTest - Response: 
12:33:24.666 [main] ERROR apiTest.DDTest - User deletion failed. Username: nina.wilson. Status code: 404
12:33:24.668 [main] INFO  apiTest.DDTest - *********************************************************************************************************************************************************
12:33:24.668 [main] INFO  apiTest.DDTest - Starting testDeleteUser with username: frank.anderson
12:33:25.970 [main] INFO  apiTest.DDTest - Response: 
12:33:26.048 [main] ERROR apiTest.DDTest - User deletion failed. Username: frank.anderson. Status code: 404
12:33:26.051 [main] INFO  apiTest.DDTest - *********************************************************************************************************************************************************
12:33:26.051 [main] INFO  apiTest.DDTest - Starting testDeleteUser with username: jane.brown
12:33:27.341 [main] INFO  apiTest.DDTest - Response: {"code":200,"type":"unknown","message":"jane.brown"}
12:33:27.403 [main] INFO  apiTest.DDTest - *********************************************************************************************************************************************************
12:33:27.403 [main] INFO  apiTest.DDTest - Starting testDeleteUser with username: jane.brown
12:33:28.666 [main] INFO  apiTest.DDTest - Response: {"code":200,"type":"unknown","message":"jane.brown"}
12:33:28.738 [main] INFO  apiTest.DDTest - *********************************************************************************************************************************************************
12:33:28.739 [main] INFO  apiTest.DDTest - Starting testDeleteUser with username: hank.anderson
12:33:30.065 [main] INFO  apiTest.DDTest - Response: 
12:33:30.175 [main] ERROR apiTest.DDTest - User deletion failed. Username: hank.anderson. Status code: 404
12:33:30.177 [main] INFO  apiTest.DDTest - *********************************************************************************************************************************************************
12:33:30.177 [main] INFO  apiTest.DDTest - Starting testDeleteUser with username: frank.moore
12:33:31.510 [main] INFO  apiTest.DDTest - Response: 
12:33:31.588 [main] ERROR apiTest.DDTest - User deletion failed. Username: frank.moore. Status code: 404
12:33:31.589 [main] INFO  apiTest.DDTest - *********************************************************************************************************************************************************
12:33:31.589 [main] INFO  apiTest.DDTest - Starting testDeleteUser with username: charlie.brown
12:33:32.870 [main] INFO  apiTest.DDTest - Response: {"code":200,"type":"unknown","message":"charlie.brown"}
12:33:32.957 [main] INFO  apiTest.DDTest - *********************************************************************************************************************************************************
12:33:32.957 [main] INFO  apiTest.DDTest - Starting testDeleteUser with username: bob.anderson
12:33:34.286 [main] INFO  apiTest.DDTest - Response: {"code":200,"type":"unknown","message":"bob.anderson"}
12:33:34.353 [main] INFO  apiTest.DDTest - *********************************************************************************************************************************************************
12:33:34.353 [main] INFO  apiTest.DDTest - Starting testDeleteUser with username: jane.brown
12:33:35.642 [main] INFO  apiTest.DDTest - Response: 
12:33:35.703 [main] ERROR apiTest.DDTest - User deletion failed. Username: jane.brown. Status code: 404
12:33:35.704 [main] INFO  apiTest.DDTest - *********************************************************************************************************************************************************
12:33:35.704 [main] INFO  apiTest.DDTest - Starting testDeleteUser with username: mia.moore
12:33:36.988 [main] INFO  apiTest.DDTest - Response: 
12:33:37.055 [main] ERROR apiTest.DDTest - User deletion failed. Username: mia.moore. Status code: 404
12:33:37.056 [main] INFO  apiTest.DDTest - *********************************************************************************************************************************************************
12:33:37.056 [main] INFO  apiTest.DDTest - Starting testDeleteUser with username: nina.brown
12:33:38.366 [main] INFO  apiTest.DDTest - Response: 
12:33:38.450 [main] ERROR apiTest.DDTest - User deletion failed. Username: nina.brown. Status code: 404
12:33:38.451 [main] INFO  apiTest.DDTest - *********************************************************************************************************************************************************
12:33:38.451 [main] INFO  apiTest.DDTest - Starting testDeleteUser with username: jack.anderson
12:33:39.759 [main] INFO  apiTest.DDTest - Response: {"code":200,"type":"unknown","message":"jack.anderson"}
12:33:39.841 [main] INFO  apiTest.DDTest - *********************************************************************************************************************************************************
12:33:39.841 [main] INFO  apiTest.DDTest - Starting testDeleteUser with username: kate.taylor
12:33:41.143 [main] INFO  apiTest.DDTest - Response: {"code":200,"type":"unknown","message":"kate.taylor"}
12:33:41.225 [main] INFO  apiTest.DDTest - *********************************************************************************************************************************************************
12:33:41.226 [main] INFO  apiTest.DDTest - Starting testDeleteUser with username: hank.davis
12:33:42.587 [main] INFO  apiTest.DDTest - Response: {"code":200,"type":"unknown","message":"hank.davis"}
12:33:42.641 [main] INFO  apiTest.DDTest - *********************************************************************************************************************************************************
12:33:42.641 [main] INFO  apiTest.DDTest - Starting testDeleteUser with username: charlie.wilson
12:33:43.943 [main] INFO  apiTest.DDTest - Response: {"code":200,"type":"unknown","message":"charlie.wilson"}
12:33:44.013 [main] INFO  apiTest.DDTest - *********************************************************************************************************************************************************
12:33:44.013 [main] INFO  apiTest.DDTest - Starting testDeleteUser with username: charlie.doe
12:33:45.295 [main] INFO  apiTest.DDTest - Response: {"code":200,"type":"unknown","message":"charlie.doe"}
12:33:45.366 [main] INFO  apiTest.DDTest - *********************************************************************************************************************************************************
12:33:45.366 [main] INFO  apiTest.DDTest - Starting testDeleteUser with username: mia.wilson
12:33:46.715 [main] INFO  apiTest.DDTest - Response: 
12:33:46.770 [main] ERROR apiTest.DDTest - User deletion failed. Username: mia.wilson. Status code: 404
12:33:46.771 [main] INFO  apiTest.DDTest - *********************************************************************************************************************************************************
12:33:46.771 [main] INFO  apiTest.DDTest - Starting testDeleteUser with username: kate.johnson
12:33:48.054 [main] INFO  apiTest.DDTest - Response: {"code":200,"type":"unknown","message":"kate.johnson"}
12:33:48.150 [main] INFO  apiTest.DDTest - *********************************************************************************************************************************************************
12:33:48.150 [main] INFO  apiTest.DDTest - Starting testDeleteUser with username: grace.doe
12:33:49.442 [main] INFO  apiTest.DDTest - Response: 
12:33:49.506 [main] ERROR apiTest.DDTest - User deletion failed. Username: grace.doe. Status code: 404
12:33:49.507 [main] INFO  apiTest.DDTest - *********************************************************************************************************************************************************
12:33:49.508 [main] INFO  apiTest.DDTest - Starting testDeleteUser with username: jane.miller
12:33:50.788 [main] INFO  apiTest.DDTest - Response: 
12:33:50.853 [main] ERROR apiTest.DDTest - User deletion failed. Username: jane.miller. Status code: 404
12:33:50.854 [main] INFO  apiTest.DDTest - *********************************************************************************************************************************************************
12:33:50.854 [main] INFO  apiTest.DDTest - Starting testDeleteUser with username: grace.brown
12:33:52.164 [main] INFO  apiTest.DDTest - Response: {"code":200,"type":"unknown","message":"grace.brown"}
12:33:52.224 [main] INFO  apiTest.DDTest - *********************************************************************************************************************************************************
12:33:52.225 [main] INFO  apiTest.DDTest - Starting testDeleteUser with username: frank.johnson
12:33:53.502 [main] INFO  apiTest.DDTest - Response: 
12:33:53.577 [main] ERROR apiTest.DDTest - User deletion failed. Username: frank.johnson. Status code: 404
12:33:53.578 [main] INFO  apiTest.DDTest - *********************************************************************************************************************************************************
12:33:53.578 [main] INFO  apiTest.DDTest - Starting testDeleteUser with username: bob.taylor
12:33:54.872 [main] INFO  apiTest.DDTest - Response: {"code":200,"type":"unknown","message":"bob.taylor"}
12:33:54.952 [main] INFO  apiTest.DDTest - *********************************************************************************************************************************************************
12:33:54.952 [main] INFO  apiTest.DDTest - Starting testDeleteUser with username: jack.johnson
12:33:56.245 [main] INFO  apiTest.DDTest - Response: 
12:33:56.309 [main] ERROR apiTest.DDTest - User deletion failed. Username: jack.johnson. Status code: 404
12:33:56.310 [main] INFO  apiTest.DDTest - *********************************************************************************************************************************************************
12:33:56.310 [main] INFO  apiTest.DDTest - Starting testDeleteUser with username: alice.taylor
12:33:57.626 [main] INFO  apiTest.DDTest - Response: 
12:33:57.692 [main] ERROR apiTest.DDTest - User deletion failed. Username: alice.taylor. Status code: 404
12:33:57.692 [main] INFO  apiTest.DDTest - *********************************************************************************************************************************************************
12:33:57.692 [main] INFO  apiTest.DDTest - Starting testDeleteUser with username: ivy.miller
12:33:58.971 [main] INFO  apiTest.DDTest - Response: 
12:33:59.067 [main] ERROR apiTest.DDTest - User deletion failed. Username: ivy.miller. Status code: 404
12:33:59.068 [main] INFO  apiTest.DDTest - *********************************************************************************************************************************************************
12:33:59.068 [main] INFO  apiTest.DDTest - Starting testDeleteUser with username: leo.anderson
12:34:00.328 [main] INFO  apiTest.DDTest - Response: {"code":200,"type":"unknown","message":"leo.anderson"}
12:34:00.403 [main] INFO  apiTest.DDTest - *********************************************************************************************************************************************************
12:34:00.404 [main] INFO  apiTest.DDTest - Starting testDeleteUser with username: jane.davis
12:34:01.747 [main] INFO  apiTest.DDTest - Response: 
12:34:01.825 [main] ERROR apiTest.DDTest - User deletion failed. Username: jane.davis. Status code: 404
12:34:01.826 [main] INFO  apiTest.DDTest - *********************************************************************************************************************************************************
12:34:01.826 [main] INFO  apiTest.DDTest - Starting testDeleteUser with username: leo.moore
12:34:03.123 [main] INFO  apiTest.DDTest - Response: 
12:34:03.198 [main] ERROR apiTest.DDTest - User deletion failed. Username: leo.moore. Status code: 404
12:34:03.200 [main] INFO  apiTest.DDTest - *********************************************************************************************************************************************************
12:34:03.200 [main] INFO  apiTest.DDTest - Starting testDeleteUser with username: grace.johnson
12:34:04.477 [main] INFO  apiTest.DDTest - Response: 
12:34:04.539 [main] ERROR apiTest.DDTest - User deletion failed. Username: grace.johnson. Status code: 404
12:34:04.540 [main] INFO  apiTest.DDTest - *********************************************************************************************************************************************************
12:34:04.541 [main] INFO  apiTest.DDTest - Starting testDeleteUser with username: frank.taylor
12:34:05.869 [main] INFO  apiTest.DDTest - Response: {"code":200,"type":"unknown","message":"frank.taylor"}
12:34:05.937 [main] INFO  apiTest.DDTest - *********************************************************************************************************************************************************
12:34:05.937 [main] INFO  apiTest.DDTest - Starting testDeleteUser with username: ivy.smith
12:34:07.231 [main] INFO  apiTest.DDTest - Response: 
12:34:07.285 [main] ERROR apiTest.DDTest - User deletion failed. Username: ivy.smith. Status code: 404
12:34:07.287 [main] INFO  apiTest.DDTest - *********************************************************************************************************************************************************
12:34:07.287 [main] INFO  apiTest.DDTest - Starting testDeleteUser with username: jane.davis
12:34:08.600 [main] INFO  apiTest.DDTest - Response: 
12:34:08.669 [main] ERROR apiTest.DDTest - User deletion failed. Username: jane.davis. Status code: 404
12:34:08.671 [main] INFO  apiTest.DDTest - *********************************************************************************************************************************************************
12:34:08.671 [main] INFO  apiTest.DDTest - Starting testDeleteUser with username: nina.taylor
12:34:09.979 [main] INFO  apiTest.DDTest - Response: 
12:34:10.053 [main] ERROR apiTest.DDTest - User deletion failed. Username: nina.taylor. Status code: 404
12:34:14.701 [main] INFO  apiTest.DDTest - *********************************************************************************************************************************************************
12:34:14.702 [main] INFO  apiTest.DDTest - Starting testUpdateUser with username: alice.davis
12:34:15.999 [main] INFO  apiTest.DDTest - Response: {"code":200,"type":"unknown","message":"1"}
12:34:16.050 [main] INFO  apiTest.DDTest - *********************************************************************************************************************************************************
12:34:16.050 [main] INFO  apiTest.DDTest - Starting testUpdateUser with username: alice.brown
12:34:17.422 [main] INFO  apiTest.DDTest - Response: {"code":200,"type":"unknown","message":"2"}
12:34:17.491 [main] INFO  apiTest.DDTest - *********************************************************************************************************************************************************
12:34:17.491 [main] INFO  apiTest.DDTest - Starting testUpdateUser with username: bob.smith
12:34:18.746 [main] INFO  apiTest.DDTest - Response: {"code":200,"type":"unknown","message":"3"}
12:34:18.815 [main] INFO  apiTest.DDTest - *********************************************************************************************************************************************************
12:34:18.815 [main] INFO  apiTest.DDTest - Starting testUpdateUser with username: ivy.wilson
12:34:20.076 [main] INFO  apiTest.DDTest - Response: {"code":200,"type":"unknown","message":"4"}
12:34:20.153 [main] INFO  apiTest.DDTest - *********************************************************************************************************************************************************
12:34:20.153 [main] INFO  apiTest.DDTest - Starting testUpdateUser with username: bob.wilson
12:34:21.448 [main] INFO  apiTest.DDTest - Response: {"code":200,"type":"unknown","message":"5"}
12:34:21.539 [main] INFO  apiTest.DDTest - *********************************************************************************************************************************************************
12:34:21.539 [main] INFO  apiTest.DDTest - Starting testUpdateUser with username: nina.miller
12:34:22.835 [main] INFO  apiTest.DDTest - Response: {"code":200,"type":"unknown","message":"6"}
12:34:22.918 [main] INFO  apiTest.DDTest - *********************************************************************************************************************************************************
12:34:22.919 [main] INFO  apiTest.DDTest - Starting testUpdateUser with username: nina.wilson
12:34:24.193 [main] INFO  apiTest.DDTest - Response: {"code":200,"type":"unknown","message":"7"}
12:34:24.260 [main] INFO  apiTest.DDTest - *********************************************************************************************************************************************************
12:34:24.260 [main] INFO  apiTest.DDTest - Starting testUpdateUser with username: frank.anderson
12:34:25.542 [main] INFO  apiTest.DDTest - Response: {"code":200,"type":"unknown","message":"8"}
12:34:25.616 [main] INFO  apiTest.DDTest - *********************************************************************************************************************************************************
12:34:25.616 [main] INFO  apiTest.DDTest - Starting testUpdateUser with username: jane.brown
12:34:26.892 [main] INFO  apiTest.DDTest - Response: {"code":200,"type":"unknown","message":"9"}
12:34:26.953 [main] INFO  apiTest.DDTest - *********************************************************************************************************************************************************
12:34:26.953 [main] INFO  apiTest.DDTest - Starting testUpdateUser with username: jane.brown
12:34:28.248 [main] INFO  apiTest.DDTest - Response: {"code":200,"type":"unknown","message":"10"}
12:34:28.322 [main] INFO  apiTest.DDTest - *********************************************************************************************************************************************************
12:34:28.322 [main] INFO  apiTest.DDTest - Starting testUpdateUser with username: hank.anderson
12:34:29.608 [main] INFO  apiTest.DDTest - Response: {"code":200,"type":"unknown","message":"11"}
12:34:29.666 [main] INFO  apiTest.DDTest - *********************************************************************************************************************************************************
12:34:29.666 [main] INFO  apiTest.DDTest - Starting testUpdateUser with username: frank.moore
12:34:30.966 [main] INFO  apiTest.DDTest - Response: {"code":200,"type":"unknown","message":"12"}
12:34:31.027 [main] INFO  apiTest.DDTest - *********************************************************************************************************************************************************
12:34:31.028 [main] INFO  apiTest.DDTest - Starting testUpdateUser with username: charlie.brown
12:34:32.294 [main] INFO  apiTest.DDTest - Response: {"code":200,"type":"unknown","message":"13"}
12:34:32.357 [main] INFO  apiTest.DDTest - *********************************************************************************************************************************************************
12:34:32.357 [main] INFO  apiTest.DDTest - Starting testUpdateUser with username: bob.anderson
12:34:33.661 [main] INFO  apiTest.DDTest - Response: {"code":200,"type":"unknown","message":"14"}
12:34:33.731 [main] INFO  apiTest.DDTest - *********************************************************************************************************************************************************
12:34:33.731 [main] INFO  apiTest.DDTest - Starting testUpdateUser with username: jane.brown
12:34:35.051 [main] INFO  apiTest.DDTest - Response: {"code":200,"type":"unknown","message":"15"}
12:34:35.133 [main] INFO  apiTest.DDTest - *********************************************************************************************************************************************************
12:34:35.133 [main] INFO  apiTest.DDTest - Starting testUpdateUser with username: mia.moore
12:34:36.406 [main] INFO  apiTest.DDTest - Response: {"code":200,"type":"unknown","message":"16"}
12:34:36.478 [main] INFO  apiTest.DDTest - *********************************************************************************************************************************************************
12:34:36.478 [main] INFO  apiTest.DDTest - Starting testUpdateUser with username: nina.brown
12:34:37.719 [main] INFO  apiTest.DDTest - Response: {"code":200,"type":"unknown","message":"17"}
12:34:37.789 [main] INFO  apiTest.DDTest - *********************************************************************************************************************************************************
12:34:37.789 [main] INFO  apiTest.DDTest - Starting testUpdateUser with username: jack.anderson
12:34:39.103 [main] INFO  apiTest.DDTest - Response: {"code":200,"type":"unknown","message":"18"}
12:34:39.183 [main] INFO  apiTest.DDTest - *********************************************************************************************************************************************************
12:34:39.183 [main] INFO  apiTest.DDTest - Starting testUpdateUser with username: kate.taylor
12:34:40.467 [main] INFO  apiTest.DDTest - Response: {"code":200,"type":"unknown","message":"19"}
12:34:40.536 [main] INFO  apiTest.DDTest - *********************************************************************************************************************************************************
12:34:40.536 [main] INFO  apiTest.DDTest - Starting testUpdateUser with username: hank.davis
12:34:41.829 [main] INFO  apiTest.DDTest - Response: {"code":200,"type":"unknown","message":"20"}
12:34:41.899 [main] INFO  apiTest.DDTest - *********************************************************************************************************************************************************
12:34:41.899 [main] INFO  apiTest.DDTest - Starting testUpdateUser with username: charlie.wilson
12:34:43.203 [main] INFO  apiTest.DDTest - Response: {"code":200,"type":"unknown","message":"21"}
12:34:43.273 [main] INFO  apiTest.DDTest - *********************************************************************************************************************************************************
12:34:43.273 [main] INFO  apiTest.DDTest - Starting testUpdateUser with username: charlie.doe
12:34:44.575 [main] INFO  apiTest.DDTest - Response: {"code":200,"type":"unknown","message":"22"}
12:34:44.633 [main] INFO  apiTest.DDTest - *********************************************************************************************************************************************************
12:34:44.633 [main] INFO  apiTest.DDTest - Starting testUpdateUser with username: mia.wilson
12:34:45.925 [main] INFO  apiTest.DDTest - Response: {"code":200,"type":"unknown","message":"23"}
12:34:46.014 [main] INFO  apiTest.DDTest - *********************************************************************************************************************************************************
12:34:46.015 [main] INFO  apiTest.DDTest - Starting testUpdateUser with username: kate.johnson
12:34:47.329 [main] INFO  apiTest.DDTest - Response: {"code":200,"type":"unknown","message":"24"}
12:34:47.423 [main] INFO  apiTest.DDTest - *********************************************************************************************************************************************************
12:34:47.423 [main] INFO  apiTest.DDTest - Starting testUpdateUser with username: grace.doe
12:34:48.711 [main] INFO  apiTest.DDTest - Response: {"code":200,"type":"unknown","message":"25"}
12:34:48.799 [main] INFO  apiTest.DDTest - *********************************************************************************************************************************************************
12:34:48.799 [main] INFO  apiTest.DDTest - Starting testUpdateUser with username: jane.miller
12:34:50.106 [main] INFO  apiTest.DDTest - Response: {"code":200,"type":"unknown","message":"26"}
12:34:50.183 [main] INFO  apiTest.DDTest - *********************************************************************************************************************************************************
12:34:50.183 [main] INFO  apiTest.DDTest - Starting testUpdateUser with username: grace.brown
12:34:51.473 [main] INFO  apiTest.DDTest - Response: {"code":200,"type":"unknown","message":"27"}
12:34:51.569 [main] INFO  apiTest.DDTest - *********************************************************************************************************************************************************
12:34:51.569 [main] INFO  apiTest.DDTest - Starting testUpdateUser with username: frank.johnson
12:34:52.876 [main] INFO  apiTest.DDTest - Response: {"code":200,"type":"unknown","message":"28"}
12:34:52.958 [main] INFO  apiTest.DDTest - *********************************************************************************************************************************************************
12:34:52.958 [main] INFO  apiTest.DDTest - Starting testUpdateUser with username: bob.taylor
12:34:54.266 [main] INFO  apiTest.DDTest - Response: {"code":200,"type":"unknown","message":"29"}
12:34:54.334 [main] INFO  apiTest.DDTest - *********************************************************************************************************************************************************
12:34:54.334 [main] INFO  apiTest.DDTest - Starting testUpdateUser with username: jack.johnson
12:34:55.640 [main] INFO  apiTest.DDTest - Response: {"code":200,"type":"unknown","message":"30"}
12:34:55.716 [main] INFO  apiTest.DDTest - *********************************************************************************************************************************************************
12:34:55.716 [main] INFO  apiTest.DDTest - Starting testUpdateUser with username: alice.taylor
12:34:57.013 [main] INFO  apiTest.DDTest - Response: {"code":200,"type":"unknown","message":"31"}
12:34:57.076 [main] INFO  apiTest.DDTest - *********************************************************************************************************************************************************
12:34:57.076 [main] INFO  apiTest.DDTest - Starting testUpdateUser with username: ivy.miller
12:34:58.413 [main] INFO  apiTest.DDTest - Response: {"code":200,"type":"unknown","message":"32"}
12:34:58.492 [main] INFO  apiTest.DDTest - *********************************************************************************************************************************************************
12:34:58.492 [main] INFO  apiTest.DDTest - Starting testUpdateUser with username: leo.anderson
12:34:59.788 [main] INFO  apiTest.DDTest - Response: {"code":200,"type":"unknown","message":"33"}
12:34:59.869 [main] INFO  apiTest.DDTest - *********************************************************************************************************************************************************
12:34:59.869 [main] INFO  apiTest.DDTest - Starting testUpdateUser with username: jane.davis
12:35:01.189 [main] INFO  apiTest.DDTest - Response: {"code":200,"type":"unknown","message":"34"}
12:35:01.262 [main] INFO  apiTest.DDTest - *********************************************************************************************************************************************************
12:35:01.262 [main] INFO  apiTest.DDTest - Starting testUpdateUser with username: leo.moore
12:35:02.550 [main] INFO  apiTest.DDTest - Response: {"code":200,"type":"unknown","message":"35"}
12:35:02.626 [main] INFO  apiTest.DDTest - *********************************************************************************************************************************************************
12:35:02.626 [main] INFO  apiTest.DDTest - Starting testUpdateUser with username: grace.johnson
12:35:03.942 [main] INFO  apiTest.DDTest - Response: {"code":200,"type":"unknown","message":"36"}
12:35:04.003 [main] INFO  apiTest.DDTest - *********************************************************************************************************************************************************
12:35:04.003 [main] INFO  apiTest.DDTest - Starting testUpdateUser with username: frank.taylor
12:35:05.333 [main] INFO  apiTest.DDTest - Response: {"code":200,"type":"unknown","message":"37"}
12:35:05.393 [main] INFO  apiTest.DDTest - *********************************************************************************************************************************************************
12:35:05.393 [main] INFO  apiTest.DDTest - Starting testUpdateUser with username: ivy.smith
12:35:06.679 [main] INFO  apiTest.DDTest - Response: {"code":200,"type":"unknown","message":"38"}
12:35:06.743 [main] INFO  apiTest.DDTest - *********************************************************************************************************************************************************
12:35:06.743 [main] INFO  apiTest.DDTest - Starting testUpdateUser with username: jane.davis
12:35:08.019 [main] INFO  apiTest.DDTest - Response: {"code":200,"type":"unknown","message":"39"}
12:35:08.105 [main] INFO  apiTest.DDTest - *********************************************************************************************************************************************************
12:35:08.105 [main] INFO  apiTest.DDTest - Starting testUpdateUser with username: nina.taylor
12:35:09.461 [main] INFO  apiTest.DDTest - Response: {"code":200,"type":"unknown","message":"40"}
12:35:10.040 [main] INFO  apiTest.DDTest - *********************************************************************************************************************************************************
12:35:10.040 [main] INFO  apiTest.DDTest - Starting testPostPet with petID: 1
12:35:11.671 [main] INFO  apiTest.DDTest - Response: {"code":200,"type":"unknown","message":"additionalMetadata: pet image 1\nFile uploaded to ./image1.jpg, 18377 bytes"}
12:35:11.688 [main] INFO  apiTest.DDTest - *********************************************************************************************************************************************************
12:35:11.688 [main] INFO  apiTest.DDTest - Starting testPostPet with petID: 2
12:35:13.203 [main] INFO  apiTest.DDTest - Response: {"code":200,"type":"unknown","message":"additionalMetadata: pet image 2\nFile uploaded to ./image2.jpg, 17705 bytes"}
12:35:13.211 [main] INFO  apiTest.DDTest - *********************************************************************************************************************************************************
12:35:13.211 [main] INFO  apiTest.DDTest - Starting testPostPet with petID: 3
12:35:14.713 [main] INFO  apiTest.DDTest - Response: {"code":200,"type":"unknown","message":"additionalMetadata: pet image 3\nFile uploaded to ./image3.jpg, 18034 bytes"}
12:35:14.726 [main] INFO  apiTest.DDTest - *********************************************************************************************************************************************************
12:35:14.727 [main] INFO  apiTest.DDTest - Starting testPostPet with petID: 4
12:35:16.282 [main] INFO  apiTest.DDTest - Response: {"code":200,"type":"unknown","message":"additionalMetadata: pet image 4\nFile uploaded to ./image4.jpg, 30072 bytes"}
12:35:16.292 [main] INFO  apiTest.DDTest - *********************************************************************************************************************************************************
12:35:16.292 [main] INFO  apiTest.DDTest - Starting testPostPet with petID: 5
12:35:17.790 [main] INFO  apiTest.DDTest - Response: {"code":200,"type":"unknown","message":"additionalMetadata: pet image 5\nFile uploaded to ./image5.jpg, 20548 bytes"}
12:35:17.805 [main] INFO  apiTest.DDTest - *********************************************************************************************************************************************************
12:35:17.805 [main] INFO  apiTest.DDTest - Starting testPostPet with petID: 6
12:35:19.428 [main] INFO  apiTest.DDTest - Response: {"code":200,"type":"unknown","message":"additionalMetadata: pet image 6\nFile uploaded to ./image6.jpg, 13099 bytes"}
12:35:19.436 [main] INFO  apiTest.DDTest - *********************************************************************************************************************************************************
12:35:19.436 [main] INFO  apiTest.DDTest - Starting testPostPet with petID: 7
12:35:21.038 [main] INFO  apiTest.DDTest - Response: {"code":200,"type":"unknown","message":"additionalMetadata: pet image 7\nFile uploaded to ./image7.jpg, 12241 bytes"}
