11:07:26.891 [main] INFO  apiTest.DDTest - Response captured is: io.restassured.internal.RestAssuredResponseImpl@4ae2c01b
11:07:26.898 [main] INFO  apiTest.DDTest - Successfully posted order details to the pet store with response Status_Code: 200
11:07:26.899 [main] INFO  apiTest.DDTest - *********************************************************************************************************************************************************
11:07:26.899 [main] INFO  apiTest.DDTest - Posting Order Details to the Store with Pet ID: 5761
11:07:28.219 [main] INFO  apiTest.DDTest - Response captured is: io.restassured.internal.RestAssuredResponseImpl@5de335cf
11:07:28.219 [main] INFO  apiTest.DDTest - Successfully posted order details to the pet store with response Status_Code: 200
11:07:28.219 [main] INFO  apiTest.DDTest - *********************************************************************************************************************************************************
11:07:28.219 [main] INFO  apiTest.DDTest - Posting Order Details to the Store with Pet ID: 8973
11:07:29.472 [main] INFO  apiTest.DDTest - Response captured is: io.restassured.internal.RestAssuredResponseImpl@46fa2a7e
11:07:29.473 [main] INFO  apiTest.DDTest - Successfully posted order details to the pet store with response Status_Code: 200
11:07:29.474 [main] INFO  apiTest.DDTest - *********************************************************************************************************************************************************
11:07:29.474 [main] INFO  apiTest.DDTest - Posting Order Details to the Store with Pet ID: 4924
11:07:30.541 [main] INFO  apiTest.DDTest - Response captured is: io.restassured.internal.RestAssuredResponseImpl@1c0680b0
11:07:30.541 [main] INFO  apiTest.DDTest - Successfully posted order details to the pet store with response Status_Code: 200
11:07:30.541 [main] INFO  apiTest.DDTest - *********************************************************************************************************************************************************
11:07:30.546 [main] INFO  apiTest.DDTest - Posting Order Details to the Store with Pet ID: 1125
11:07:31.900 [main] INFO  apiTest.DDTest - Response captured is: io.restassured.internal.RestAssuredResponseImpl@23d060c2
11:07:31.900 [main] INFO  apiTest.DDTest - Successfully posted order details to the pet store with response Status_Code: 200
11:07:31.900 [main] INFO  apiTest.DDTest - *********************************************************************************************************************************************************
11:07:31.900 [main] INFO  apiTest.DDTest - Posting Order Details to the Store with Pet ID: 2933
11:07:33.039 [main] INFO  apiTest.DDTest - Response captured is: io.restassured.internal.RestAssuredResponseImpl@e18d2a2
11:07:33.039 [main] INFO  apiTest.DDTest - Successfully posted order details to the pet store with response Status_Code: 200
11:07:33.039 [main] INFO  apiTest.DDTest - *********************************************************************************************************************************************************
11:07:33.039 [main] INFO  apiTest.DDTest - Posting Order Details to the Store with Pet ID: 9745
11:07:34.199 [main] INFO  apiTest.DDTest - Response captured is: io.restassured.internal.RestAssuredResponseImpl@665ed71a
11:07:34.199 [main] INFO  apiTest.DDTest - Successfully posted order details to the pet store with response Status_Code: 200
11:07:34.199 [main] INFO  apiTest.DDTest - *********************************************************************************************************************************************************
11:07:34.199 [main] INFO  apiTest.DDTest - Posting Order Details to the Store with Pet ID: 3860
11:07:35.289 [main] INFO  apiTest.DDTest - Response captured is: io.restassured.internal.RestAssuredResponseImpl@61becbcf
11:07:35.289 [main] INFO  apiTest.DDTest - Successfully posted order details to the pet store with response Status_Code: 200
11:07:35.289 [main] INFO  apiTest.DDTest - *********************************************************************************************************************************************************
11:07:35.289 [main] INFO  apiTest.DDTest - Posting Order Details to the Store with Pet ID: 4425
11:07:36.629 [main] INFO  apiTest.DDTest - Response captured is: io.restassured.internal.RestAssuredResponseImpl@54970127
11:07:36.630 [main] INFO  apiTest.DDTest - Successfully posted order details to the pet store with response Status_Code: 200
11:07:36.630 [main] INFO  apiTest.DDTest - *********************************************************************************************************************************************************
11:07:36.630 [main] INFO  apiTest.DDTest - Posting Order Details to the Store with Pet ID: 2957
11:07:38.046 [main] INFO  apiTest.DDTest - Response captured is: io.restassured.internal.RestAssuredResponseImpl@3a4cb483
11:07:38.046 [main] INFO  apiTest.DDTest - Successfully posted order details to the pet store with response Status_Code: 200
11:07:38.046 [main] INFO  apiTest.DDTest - *********************************************************************************************************************************************************
11:07:38.046 [main] INFO  apiTest.DDTest - Posting Order Details to the Store with Pet ID: 1234
11:07:39.500 [main] INFO  apiTest.DDTest - Response captured is: io.restassured.internal.RestAssuredResponseImpl@14b9df65
11:07:39.500 [main] INFO  apiTest.DDTest - Successfully posted order details to the pet store with response Status_Code: 200
11:07:39.500 [main] INFO  apiTest.DDTest - *********************************************************************************************************************************************************
11:07:39.500 [main] INFO  apiTest.DDTest - Posting Order Details to the Store with Pet ID: 5678
11:07:40.819 [main] INFO  apiTest.DDTest - Response captured is: io.restassured.internal.RestAssuredResponseImpl@3be50b2c
11:07:40.819 [main] INFO  apiTest.DDTest - Successfully posted order details to the pet store with response Status_Code: 200
11:07:42.140 [main] INFO  apiTest.DDTest - Successfully retrieved Store Details with Status_Code: 200
11:07:42.155 [main] INFO  apiTest.DDTest - {"sold":9,"The Best Dog of World":1,"string":637,"pending":6,"available":235,"invalid":4}
11:07:42.155 [main] INFO  apiTest.DDTest - Flushing reports
11:13:49.227 [main] INFO  apiTest.DDTest - *********************************************************************************************************************************************************
11:13:49.235 [main] INFO  apiTest.DDTest - Posting Order Details to the Store with Pet ID: 2861
11:13:51.943 [main] INFO  apiTest.DDTest - Response captured is: io.restassured.internal.RestAssuredResponseImpl@45f1413c
11:13:51.943 [main] INFO  apiTest.DDTest - Successfully posted order details to the pet store with response Status_Code: 200
11:13:51.952 [main] INFO  apiTest.DDTest - *********************************************************************************************************************************************************
11:13:51.952 [main] INFO  apiTest.DDTest - Posting Order Details to the Store with Pet ID: 9981
11:13:53.344 [main] INFO  apiTest.DDTest - Response captured is: io.restassured.internal.RestAssuredResponseImpl@2db461b5
11:13:53.344 [main] INFO  apiTest.DDTest - Successfully posted order details to the pet store with response Status_Code: 200
11:13:53.353 [main] INFO  apiTest.DDTest - *********************************************************************************************************************************************************
11:13:53.353 [main] INFO  apiTest.DDTest - Posting Order Details to the Store with Pet ID: 8028
11:13:54.853 [main] INFO  apiTest.DDTest - Response captured is: io.restassured.internal.RestAssuredResponseImpl@d0a2c82
11:13:54.859 [main] INFO  apiTest.DDTest - Successfully posted order details to the pet store with response Status_Code: 200
11:13:54.859 [main] INFO  apiTest.DDTest - *********************************************************************************************************************************************************
11:13:54.862 [main] INFO  apiTest.DDTest - Posting Order Details to the Store with Pet ID: 1036
11:13:56.311 [main] INFO  apiTest.DDTest - Response captured is: io.restassured.internal.RestAssuredResponseImpl@47ffdbba
11:13:56.318 [main] INFO  apiTest.DDTest - Successfully posted order details to the pet store with response Status_Code: 200
11:13:56.319 [main] INFO  apiTest.DDTest - *********************************************************************************************************************************************************
11:13:56.319 [main] INFO  apiTest.DDTest - Posting Order Details to the Store with Pet ID: 9322
11:13:57.644 [main] INFO  apiTest.DDTest - Response captured is: io.restassured.internal.RestAssuredResponseImpl@d6d683e
11:13:57.644 [main] INFO  apiTest.DDTest - Successfully posted order details to the pet store with response Status_Code: 200
11:13:57.644 [main] INFO  apiTest.DDTest - *********************************************************************************************************************************************************
11:13:57.644 [main] INFO  apiTest.DDTest - Posting Order Details to the Store with Pet ID: 5843
11:13:58.875 [main] INFO  apiTest.DDTest - Response captured is: io.restassured.internal.RestAssuredResponseImpl@7eefaca0
11:13:58.875 [main] INFO  apiTest.DDTest - Successfully posted order details to the pet store with response Status_Code: 200
11:13:58.875 [main] INFO  apiTest.DDTest - *********************************************************************************************************************************************************
11:13:58.875 [main] INFO  apiTest.DDTest - Posting Order Details to the Store with Pet ID: 3552
11:14:00.209 [main] INFO  apiTest.DDTest - Response captured is: io.restassured.internal.RestAssuredResponseImpl@76e9eed8
11:14:00.209 [main] INFO  apiTest.DDTest - Successfully posted order details to the pet store with response Status_Code: 200
11:14:00.209 [main] INFO  apiTest.DDTest - *********************************************************************************************************************************************************
11:14:00.209 [main] INFO  apiTest.DDTest - Posting Order Details to the Store with Pet ID: 8245
11:14:01.273 [main] INFO  apiTest.DDTest - Response captured is: io.restassured.internal.RestAssuredResponseImpl@452ec287
11:14:01.273 [main] INFO  apiTest.DDTest - Successfully posted order details to the pet store with response Status_Code: 200
11:14:01.273 [main] INFO  apiTest.DDTest - *********************************************************************************************************************************************************
11:14:01.273 [main] INFO  apiTest.DDTest - Posting Order Details to the Store with Pet ID: 3767
11:14:02.355 [main] INFO  apiTest.DDTest - Response captured is: io.restassured.internal.RestAssuredResponseImpl@32d1d6c5
11:14:02.355 [main] INFO  apiTest.DDTest - Successfully posted order details to the pet store with response Status_Code: 200
11:14:02.355 [main] INFO  apiTest.DDTest - *********************************************************************************************************************************************************
11:14:02.355 [main] INFO  apiTest.DDTest - Posting Order Details to the Store with Pet ID: 6107
11:14:03.501 [main] INFO  apiTest.DDTest - Response captured is: io.restassured.internal.RestAssuredResponseImpl@484b5a21
11:14:03.501 [main] INFO  apiTest.DDTest - Successfully posted order details to the pet store with response Status_Code: 200
11:14:03.501 [main] INFO  apiTest.DDTest - *********************************************************************************************************************************************************
11:14:03.501 [main] INFO  apiTest.DDTest - Posting Order Details to the Store with Pet ID: 8052
11:14:04.608 [main] INFO  apiTest.DDTest - Response captured is: io.restassured.internal.RestAssuredResponseImpl@2e4b5da1
11:14:04.608 [main] INFO  apiTest.DDTest - Successfully posted order details to the pet store with response Status_Code: 200
11:14:04.608 [main] INFO  apiTest.DDTest - *********************************************************************************************************************************************************
11:14:04.608 [main] INFO  apiTest.DDTest - Posting Order Details to the Store with Pet ID: 5761
11:14:05.750 [main] INFO  apiTest.DDTest - Response captured is: io.restassured.internal.RestAssuredResponseImpl@7e94de5f
11:14:05.750 [main] INFO  apiTest.DDTest - Successfully posted order details to the pet store with response Status_Code: 200
11:14:05.750 [main] INFO  apiTest.DDTest - *********************************************************************************************************************************************************
11:14:05.750 [main] INFO  apiTest.DDTest - Posting Order Details to the Store with Pet ID: 8973
11:14:06.975 [main] INFO  apiTest.DDTest - Response captured is: io.restassured.internal.RestAssuredResponseImpl@217b0952
11:14:06.975 [main] INFO  apiTest.DDTest - Successfully posted order details to the pet store with response Status_Code: 200
11:14:06.983 [main] INFO  apiTest.DDTest - *********************************************************************************************************************************************************
11:14:06.983 [main] INFO  apiTest.DDTest - Posting Order Details to the Store with Pet ID: 4924
11:14:08.500 [main] INFO  apiTest.DDTest - Response captured is: io.restassured.internal.RestAssuredResponseImpl@c1f0c7b
11:14:08.500 [main] INFO  apiTest.DDTest - Successfully posted order details to the pet store with response Status_Code: 200
11:14:08.500 [main] INFO  apiTest.DDTest - *********************************************************************************************************************************************************
11:14:08.500 [main] INFO  apiTest.DDTest - Posting Order Details to the Store with Pet ID: 1125
11:14:09.916 [main] INFO  apiTest.DDTest - Response captured is: io.restassured.internal.RestAssuredResponseImpl@6cb662e8
11:14:09.916 [main] INFO  apiTest.DDTest - Successfully posted order details to the pet store with response Status_Code: 200
11:14:09.919 [main] INFO  apiTest.DDTest - *********************************************************************************************************************************************************
11:14:09.919 [main] INFO  apiTest.DDTest - Posting Order Details to the Store with Pet ID: 2933
11:14:11.157 [main] INFO  apiTest.DDTest - Response captured is: io.restassured.internal.RestAssuredResponseImpl@28db2afb
11:14:11.157 [main] INFO  apiTest.DDTest - Successfully posted order details to the pet store with response Status_Code: 200
11:14:11.166 [main] INFO  apiTest.DDTest - *********************************************************************************************************************************************************
11:14:11.166 [main] INFO  apiTest.DDTest - Posting Order Details to the Store with Pet ID: 9745
11:14:12.301 [main] INFO  apiTest.DDTest - Response captured is: io.restassured.internal.RestAssuredResponseImpl@554d040d
11:14:12.301 [main] INFO  apiTest.DDTest - Successfully posted order details to the pet store with response Status_Code: 200
11:14:12.301 [main] INFO  apiTest.DDTest - *********************************************************************************************************************************************************
11:14:12.301 [main] INFO  apiTest.DDTest - Posting Order Details to the Store with Pet ID: 3860
11:14:13.566 [main] INFO  apiTest.DDTest - Response captured is: io.restassured.internal.RestAssuredResponseImpl@42b500aa
11:14:13.566 [main] INFO  apiTest.DDTest - Successfully posted order details to the pet store with response Status_Code: 200
11:14:13.566 [main] INFO  apiTest.DDTest - *********************************************************************************************************************************************************
11:14:13.572 [main] INFO  apiTest.DDTest - Posting Order Details to the Store with Pet ID: 4425
11:14:14.950 [main] INFO  apiTest.DDTest - Response captured is: io.restassured.internal.RestAssuredResponseImpl@3ee68377
11:14:14.950 [main] INFO  apiTest.DDTest - Successfully posted order details to the pet store with response Status_Code: 200
11:14:14.950 [main] INFO  apiTest.DDTest - *********************************************************************************************************************************************************
11:14:14.950 [main] INFO  apiTest.DDTest - Posting Order Details to the Store with Pet ID: 2957
11:14:16.350 [main] INFO  apiTest.DDTest - Response captured is: io.restassured.internal.RestAssuredResponseImpl@146db8a6
11:14:16.350 [main] INFO  apiTest.DDTest - Successfully posted order details to the pet store with response Status_Code: 200
11:14:16.350 [main] INFO  apiTest.DDTest - *********************************************************************************************************************************************************
11:14:16.350 [main] INFO  apiTest.DDTest - Posting Order Details to the Store with Pet ID: 1234
11:14:17.716 [main] INFO  apiTest.DDTest - Response captured is: io.restassured.internal.RestAssuredResponseImpl@186d6033
11:14:17.716 [main] INFO  apiTest.DDTest - Successfully posted order details to the pet store with response Status_Code: 200
11:14:17.716 [main] INFO  apiTest.DDTest - *********************************************************************************************************************************************************
11:14:17.716 [main] INFO  apiTest.DDTest - Posting Order Details to the Store with Pet ID: 5678
11:14:19.259 [main] INFO  apiTest.DDTest - Response captured is: io.restassured.internal.RestAssuredResponseImpl@54f9326c
11:14:19.259 [main] INFO  apiTest.DDTest - Successfully posted order details to the pet store with response Status_Code: 200
11:14:20.681 [main] INFO  apiTest.DDTest - Successfully retrieved Store Details with Status_Code: 200
11:14:20.704 [main] INFO  apiTest.DDTest - {"sold":9,"The Best Dog of World":1,"string":642,"pending":5,"available":235,"invalid":4}
11:14:20.706 [main] INFO  apiTest.DDTest - Flushing reports
